../v1/v1_trimble_seq_c -v s30.B00 s30.A00 
30 vertices
30 vertices
timeout 0
new Incumbent: |0 0| 
new Incumbent: |0 0| |8 4| 
new Incumbent: |0 0| |8 4| |12 9| 
new Incumbent: |0 0| |8 4| |12 9| |17 11| 
new Incumbent: |0 0| |8 4| |12 9| |17 11| |9 8| 
new Incumbent: |0 0| |8 4| |12 9| |17 11| |9 8| |13 14| 
new Incumbent: |0 0| |8 4| |12 9| |17 11| |9 8| |13 14| |2 18| 
new Incumbent: |0 0| |8 4| |12 9| |17 11| |9 8| |13 14| |2 18| |4 21| 
new Incumbent: |0 0| |8 4| |12 9| |17 11| |9 8| |13 14| |2 18| |4 21| |29 23| 
new Incumbent: |0 0| |8 4| |12 9| |17 11| |9 8| |13 14| |2 18| |23 12| |29 23| |28 13| 
new Incumbent: |0 0| |8 4| |12 9| |17 11| |9 8| |14 28| |2 15| |10 1| |6 6| |5 2| |28 27| 
new Incumbent: |0 0| |8 4| |12 9| |17 17| |1 18| |22 23| |15 21| |9 3| |10 22| |14 13| |16 12| |28 27| 
new Incumbent: |0 0| |8 4| |19 29| |14 23| |20 19| |13 27| |9 8| |10 24| |15 3| |21 10| |23 26| |25 15| |28 14| 
new Incumbent: |0 0| |8 9| |2 19| |6 16| |21 13| |3 20| |23 22| |5 6| |25 12| |15 7| |22 11| |11 28| |27 27| |29 17| 
Solution size 14
(0 -> 0) (2 -> 19) (3 -> 20) (5 -> 6) (6 -> 16) (8 -> 9) (11 -> 28) (15 -> 7) (21 -> 13) (22 -> 11) (23 -> 22) (25 -> 12) (27 -> 27) (29 -> 17) 
>>> 14 -  0026.2979626560

